<?xml version="1.0" encoding="UTF-8"?>
<!-- Generated by org.testng.reporters.JUnitXMLReporter -->
<testsuite ignored="0" hostname="sridhar" failures="0" tests="10" name="Test" time="56.0" errors="0" timestamp="2022-05-19T12:22:47 IST">
  <testcase classname="Pages.logincrm" name="loginApp" time="4.998"/>
  <testcase classname="Pages.logincrm" name="signupapp" time="8.772"/>
  <testcase classname="Pages.logincrm" name="searchupapp" time="5.537"/>
  <testcase classname="Pages.logincrm" name="Bedapp" time="8.1"/>
  <testcase classname="Pages.logincrm" name="Bedappcart" time="4.2"/>
  <testcase classname="Pages.logincrm" name="assertionaa" time="2.517"/>
  <testcase classname="Pages.logincrm" name="tvappcart" time="2.634"/>
  <testcase classname="Pages.logincrm" name="studyapp" time="2.791"/>
  <testcase classname="Pages.logincrm" name="aboutapp" time="0.927"/>
  <testcase classname="Pages.logincrm" name="infoapp" time="0.678"/>
</testsuite> <!-- Test -->
