<?xml version="1.0" encoding="UTF-8"?>
<!-- Generated by org.testng.reporters.JUnitXMLReporter -->
<testsuite ignored="0" hostname="sridhar" failures="0" tests="10" name="Default test" time="78.297" errors="0" timestamp="2022-05-20T18:26:08 IST">
  <testcase classname="Pages.logintourbanladder" name="loginApp" time="5.298"/>
  <testcase classname="Pages.logintourbanladder" name="signupapp" time="11.527"/>
  <testcase classname="Pages.logintourbanladder" name="searchupapp" time="8.863"/>
  <testcase classname="Pages.logintourbanladder" name="Bedapp" time="15.182"/>
  <testcase classname="Pages.logintourbanladder" name="Bedappcart" time="6.443"/>
  <testcase classname="Pages.logintourbanladder" name="assertionaa" time="3.958"/>
  <testcase classname="Pages.logintourbanladder" name="tvappcart" time="4.024"/>
  <testcase classname="Pages.logintourbanladder" name="studyapp" time="3.758"/>
  <testcase classname="Pages.logintourbanladder" name="aboutapp" time="1.259"/>
  <testcase classname="Pages.logintourbanladder" name="infoapp" time="0.823"/>
</testsuite> <!-- Default test -->
